[HTTP] Binding to address: :1080
Creating API v1 with WebPath: 
Creating API v2 with WebPath: 
Got message in APIv2 websocket channel
[APIv2] BROADCAST /api/v2/websocket
Got message in APIv1 event stream
Sending content: {
  "ID": "rdkrU8uxl1kHcDCrzylFrv0pLwSmTSX4YXZFUQLZ_9Y=@mailhog.example",
  "From": {
    "Relays": null,
    "Mailbox": "nobody",
    "Domain": "b0bd9465b945",
    "Params": ""
  },
  "To": [
    {
      "Relays": null,
      "Mailbox": "mailhog",
      "Domain": "flywheel.local",
      "Params": ""
    }
  ],
  "Content": {
    "Headers": {
      "Content-Type": [
        "text/plain; charset=UTF-8"
      ],
      "Date": [
        "Thu, 25 Apr 2019 16:49:21 +0000"
      ],
      "From": [
        "WordPress \u003cwordpress@devtest1.local\u003e"
      ],
      "MIME-Version": [
        "1.0"
      ],
      "Message-ID": [
        "\u003c8ae56a10082f8bf4130bd909af48edae@devtest1.local\u003e"
      ],
      "Received": [
        "from localhost by mailhog.example (MailHog)\r\n          id rdkrU8uxl1kHcDCrzylFrv0pLwSmTSX4YXZFUQLZ_9Y=@mailhog.example; Thu, 25 Apr 2019 16:49:21 +0000"
      ],
      "Return-Path": [
        "\u003cnobody@b0bd9465b945\u003e"
      ],
      "Subject": [
        "New WordPress Site"
      ],
      "To": [
        "dev-email@flywheel.local"
      ],
      "X-Mailer": [
        "PHPMailer 5.2.22 (https://github.com/PHPMailer/PHPMailer)"
      ],
      "X-PHP-Originating-Script": [
        "0:class-phpmailer.php"
      ]
    },
    "Body": "Your new WordPress site has been successfully set up at:\r\n\r\nhttp://devtest1.local\r\n\r\nYou can log in to the administrator account with the following information:\r\n\r\nUsername: admin\r\nPassword: The password you chose during installation.\r\nLog in here: http://devtest1.local/wp-login.php\r\n\r\nWe hope you enjoy your new site. Thanks!\r\n\r\n--The WordPress Team\r\nhttps://wordpress.org/\r\n",
    "Size": 762,
    "MIME": null
  },
  "Created": "2019-04-25T16:49:21.035929261Z",
  "MIME": null,
  "Raw": {
    "From": "nobody@b0bd9465b945",
    "To": [
      "mailhog@flywheel.local"
    ],
    "Data": "To: dev-email@flywheel.local\r\nSubject: New WordPress Site\r\nX-PHP-Originating-Script: 0:class-phpmailer.php\r\nDate: Thu, 25 Apr 2019 16:49:21 +0000\r\nFrom: WordPress \u003cwordpress@devtest1.local\u003e\r\nMessage-ID: \u003c8ae56a10082f8bf4130bd909af48edae@devtest1.local\u003e\r\nX-Mailer: PHPMailer 5.2.22 (https://github.com/PHPMailer/PHPMailer)\r\nMIME-Version: 1.0\r\nContent-Type: text/plain; charset=UTF-8\r\n\r\nYour new WordPress site has been successfully set up at:\r\n\r\nhttp://devtest1.local\r\n\r\nYou can log in to the administrator account with the following information:\r\n\r\nUsername: admin\r\nPassword: The password you chose during installation.\r\nLog in here: http://devtest1.local/wp-login.php\r\n\r\nWe hope you enjoy your new site. Thanks!\r\n\r\n--The WordPress Team\r\nhttps://wordpress.org/\r\n",
    "Helo": "localhost"
  }
}

[APIv1] BROADCAST /api/v1/events
